[2014-07-30 15:00:09] myapp.INFO: monolog START [] []
[2014-07-30 15:00:09] myapp.INFO: Matched route "POST_upload" (parameters: "_controller": "{}", "_route": "POST_upload") [] []
[2014-07-30 15:00:09] myapp.DEBUG: > POST /upload [] []
[2014-07-30 15:00:09] myapp.INFO: post upload OK [] []
[2014-07-30 15:00:11] myapp.DEBUG: < 200 [] []
[2014-07-30 15:00:11] myapp.INFO: monolog START [] []
[2014-07-30 15:00:11] myapp.INFO: Matched route "POST_upload" (parameters: "_controller": "{}", "_route": "POST_upload") [] []
[2014-07-30 15:00:11] myapp.DEBUG: > POST /upload [] []
[2014-07-30 15:00:11] myapp.INFO: post upload OK [] []
[2014-07-30 15:00:14] myapp.DEBUG: < 200 [] []
[2014-07-30 15:01:44] myapp.INFO: monolog START [] []
[2014-07-30 15:01:44] myapp.INFO: Matched route "POST_upload" (parameters: "_controller": "{}", "_route": "POST_upload") [] []
[2014-07-30 15:01:44] myapp.DEBUG: > POST /upload [] []
[2014-07-30 15:01:44] myapp.INFO: post upload OK [] []
[2014-07-30 15:01:44] myapp.INFO: POST /upload HTTP/1.1 Accept:          */* Accept-Encoding: gzip,deflate,sdch Accept-Language: en-US,en;q=0.8,ar;q=0.6,es;q=0.4,sl;q=0.2,it;q=0.2,zh-TW;q=0.2,zh;q=0.2 Connection:      keep-alive Content-Length:  1049642 Content-Type:    multipart/form-data; boundary=----WebKitFormBoundaryGHTAorATU0x1bRCC Host:            localhost:3000 Origin:          http://localhost:3000 Referer:         http://localhost:3000/ User-Agent:      Mozilla/5.0 (Macintosh; Intel Mac OS X 10_9_4) AppleWebKit/537.36 (KHTML, like Gecko) Chrome/36.0.1985.125 Safari/537.36  [] []
[2014-07-30 15:01:44] myapp.DEBUG: < 200 [] []
[2014-07-30 15:01:44] myapp.INFO: monolog START [] []
[2014-07-30 15:01:44] myapp.INFO: Matched route "POST_upload" (parameters: "_controller": "{}", "_route": "POST_upload") [] []
[2014-07-30 15:01:44] myapp.DEBUG: > POST /upload [] []
[2014-07-30 15:01:44] myapp.INFO: post upload OK [] []
[2014-07-30 15:01:44] myapp.INFO: POST /upload HTTP/1.1 Accept:          */* Accept-Encoding: gzip,deflate,sdch Accept-Language: en-US,en;q=0.8,ar;q=0.6,es;q=0.4,sl;q=0.2,it;q=0.2,zh-TW;q=0.2,zh;q=0.2 Connection:      keep-alive Content-Length:  1956699 Content-Type:    multipart/form-data; boundary=----WebKitFormBoundaryAsOS7PJXUZ5SPd9L Host:            localhost:3000 Origin:          http://localhost:3000 Referer:         http://localhost:3000/ User-Agent:      Mozilla/5.0 (Macintosh; Intel Mac OS X 10_9_4) AppleWebKit/537.36 (KHTML, like Gecko) Chrome/36.0.1985.125 Safari/537.36  [] []
[2014-07-30 15:01:44] myapp.DEBUG: < 200 [] []
[2014-07-30 15:02:27] myapp.INFO: monolog START [] []
[2014-07-30 15:02:27] myapp.INFO: Matched route "POST_upload" (parameters: "_controller": "{}", "_route": "POST_upload") [] []
[2014-07-30 15:02:27] myapp.DEBUG: > POST /upload [] []
[2014-07-30 15:02:27] myapp.INFO: post upload OK [] []
[2014-07-30 15:02:27] myapp.INFO: POST /upload HTTP/1.1 Accept:          */* Accept-Encoding: gzip,deflate,sdch Accept-Language: en-US,en;q=0.8,ar;q=0.6,es;q=0.4,sl;q=0.2,it;q=0.2,zh-TW;q=0.2,zh;q=0.2 Connection:      keep-alive Content-Length:  1049642 Content-Type:    multipart/form-data; boundary=----WebKitFormBoundaryneRjBAyvzz0hyQaU Host:            localhost:3000 Origin:          http://localhost:3000 Referer:         http://localhost:3000/ User-Agent:      Mozilla/5.0 (Macintosh; Intel Mac OS X 10_9_4) AppleWebKit/537.36 (KHTML, like Gecko) Chrome/36.0.1985.125 Safari/537.36  [] []
[2014-07-30 15:02:27] myapp.INFO: monolog START [] []
[2014-07-30 15:02:27] myapp.INFO: Matched route "POST_upload" (parameters: "_controller": "{}", "_route": "POST_upload") [] []
[2014-07-30 15:02:27] myapp.DEBUG: > POST /upload [] []
[2014-07-30 15:02:27] myapp.INFO: post upload OK [] []
[2014-07-30 15:02:27] myapp.INFO: POST /upload HTTP/1.1 Accept:          */* Accept-Encoding: gzip,deflate,sdch Accept-Language: en-US,en;q=0.8,ar;q=0.6,es;q=0.4,sl;q=0.2,it;q=0.2,zh-TW;q=0.2,zh;q=0.2 Connection:      keep-alive Content-Length:  1956699 Content-Type:    multipart/form-data; boundary=----WebKitFormBoundary1JSQar6IR3rUT58r Host:            localhost:3000 Origin:          http://localhost:3000 Referer:         http://localhost:3000/ User-Agent:      Mozilla/5.0 (Macintosh; Intel Mac OS X 10_9_4) AppleWebKit/537.36 (KHTML, like Gecko) Chrome/36.0.1985.125 Safari/537.36  [] []
[2014-07-30 15:03:19] myapp.INFO: monolog START [] []
[2014-07-30 15:03:19] myapp.INFO: Matched route "POST_upload" (parameters: "_controller": "{}", "_route": "POST_upload") [] []
[2014-07-30 15:03:19] myapp.DEBUG: > POST /upload [] []
[2014-07-30 15:03:19] myapp.INFO: post upload OK [] []
[2014-07-30 15:03:19] myapp.INFO: monolog START [] []
[2014-07-30 15:03:19] myapp.INFO: Matched route "POST_upload" (parameters: "_controller": "{}", "_route": "POST_upload") [] []
[2014-07-30 15:03:19] myapp.DEBUG: > POST /upload [] []
[2014-07-30 15:03:19] myapp.INFO: post upload OK [] []
[2014-07-30 15:05:23] myapp.INFO: monolog START [] []
[2014-07-30 15:05:23] myapp.INFO: Matched route "POST_upload" (parameters: "_controller": "{}", "_route": "POST_upload") [] []
[2014-07-30 15:05:23] myapp.DEBUG: > POST /upload [] []
[2014-07-30 15:05:23] myapp.INFO: post upload OK [] []
[2014-07-30 15:05:23] myapp.INFO: monolog START [] []
[2014-07-30 15:05:23] myapp.INFO: Matched route "POST_upload" (parameters: "_controller": "{}", "_route": "POST_upload") [] []
[2014-07-30 15:05:23] myapp.DEBUG: > POST /upload [] []
[2014-07-30 15:05:23] myapp.INFO: post upload OK [] []
[2014-07-30 15:10:04] myapp.INFO: monolog START [] []
[2014-07-30 15:10:04] myapp.INFO: Matched route "POST_upload" (parameters: "_controller": "{}", "_route": "POST_upload") [] []
[2014-07-30 15:10:04] myapp.DEBUG: > POST /upload [] []
[2014-07-30 15:10:04] myapp.INFO: post upload OK [] []
[2014-07-30 15:10:05] myapp.INFO: monolog START [] []
[2014-07-30 15:10:05] myapp.INFO: Matched route "POST_upload" (parameters: "_controller": "{}", "_route": "POST_upload") [] []
[2014-07-30 15:10:05] myapp.DEBUG: > POST /upload [] []
[2014-07-30 15:10:05] myapp.INFO: post upload OK [] []
[2014-07-30 15:11:53] myapp.INFO: monolog START [] []
[2014-07-30 15:11:53] myapp.INFO: Matched route "POST_upload" (parameters: "_controller": "{}", "_route": "POST_upload") [] []
[2014-07-30 15:11:53] myapp.DEBUG: > POST /upload [] []
[2014-07-30 15:11:53] myapp.INFO: post upload OK [] []
[2014-07-30 15:11:53] myapp.INFO: monolog START [] []
[2014-07-30 15:11:53] myapp.INFO: Matched route "POST_upload" (parameters: "_controller": "{}", "_route": "POST_upload") [] []
[2014-07-30 15:11:53] myapp.DEBUG: > POST /upload [] []
[2014-07-30 15:11:53] myapp.INFO: post upload OK [] []
[2014-07-30 17:03:04] myapp.INFO: monolog START [] []
[2014-07-30 17:03:05] myapp.INFO: Matched route "POST_upload" (parameters: "_controller": "{}", "_route": "POST_upload") [] []
[2014-07-30 17:03:05] myapp.DEBUG: > POST /upload [] []
[2014-07-30 17:03:05] myapp.INFO: post upload OK [] []
[2014-07-30 17:03:05] myapp.INFO: monolog START [] []
[2014-07-30 17:03:05] myapp.INFO: Matched route "POST_upload" (parameters: "_controller": "{}", "_route": "POST_upload") [] []
[2014-07-30 17:03:05] myapp.DEBUG: > POST /upload [] []
[2014-07-30 17:03:05] myapp.INFO: post upload OK [] []
[2014-07-30 17:34:17] myapp.INFO: monolog START [] []
[2014-07-30 17:34:17] myapp.INFO: Matched route "POST_upload" (parameters: "_controller": "{}", "_route": "POST_upload") [] []
[2014-07-30 17:34:17] myapp.DEBUG: > POST /upload [] []
[2014-07-30 17:34:17] myapp.INFO: post upload OK [] []
[2014-07-30 17:34:17] myapp.INFO: file POST /upload HTTP/1.1 Accept:          */* Accept-Encoding: gzip,deflate,sdch Accept-Language: en-US,en;q=0.8,ar;q=0.6,es;q=0.4,sl;q=0.2,it;q=0.2,zh-TW;q=0.2,zh;q=0.2 Connection:      keep-alive Content-Length:  1049642 Content-Type:    multipart/form-data; boundary=----WebKitFormBoundarywdeNFwCDM1v3L6wW Host:            localhost:3000 Origin:          http://localhost:3000 Referer:         http://localhost:3000/ User-Agent:      Mozilla/5.0 (Macintosh; Intel Mac OS X 10_9_4) AppleWebKit/537.36 (KHTML, like Gecko) Chrome/36.0.1985.125 Safari/537.36  [] []
[2014-07-30 17:34:17] myapp.INFO: post upload END [] []
[2014-07-30 17:34:17] myapp.DEBUG: < 200 [] []
[2014-07-30 17:34:17] myapp.INFO: monolog START [] []
[2014-07-30 17:34:17] myapp.INFO: Matched route "POST_upload" (parameters: "_controller": "{}", "_route": "POST_upload") [] []
[2014-07-30 17:34:17] myapp.DEBUG: > POST /upload [] []
[2014-07-30 17:34:17] myapp.INFO: post upload OK [] []
[2014-07-30 17:34:17] myapp.INFO: file POST /upload HTTP/1.1 Accept:          */* Accept-Encoding: gzip,deflate,sdch Accept-Language: en-US,en;q=0.8,ar;q=0.6,es;q=0.4,sl;q=0.2,it;q=0.2,zh-TW;q=0.2,zh;q=0.2 Connection:      keep-alive Content-Length:  1956699 Content-Type:    multipart/form-data; boundary=----WebKitFormBoundaryGnRKlAAXHgQ3nO1Z Host:            localhost:3000 Origin:          http://localhost:3000 Referer:         http://localhost:3000/ User-Agent:      Mozilla/5.0 (Macintosh; Intel Mac OS X 10_9_4) AppleWebKit/537.36 (KHTML, like Gecko) Chrome/36.0.1985.125 Safari/537.36  [] []
[2014-07-30 17:34:17] myapp.INFO: post upload END [] []
[2014-07-30 17:34:17] myapp.DEBUG: < 200 [] []
[2014-07-30 17:37:57] myapp.INFO: monolog START [] []
[2014-07-30 17:37:57] myapp.INFO: Matched route "POST_upload" (parameters: "_controller": "{}", "_route": "POST_upload") [] []
[2014-07-30 17:37:57] myapp.DEBUG: > POST /upload [] []
[2014-07-30 17:37:57] myapp.INFO: post upload OK [] []
[2014-07-30 17:37:57] myapp.INFO: file POST /upload HTTP/1.1 Accept:          */* Accept-Encoding: gzip,deflate,sdch Accept-Language: en-US,en;q=0.8,ar;q=0.6,es;q=0.4,sl;q=0.2,it;q=0.2,zh-TW;q=0.2,zh;q=0.2 Connection:      keep-alive Content-Length:  1049642 Content-Type:    multipart/form-data; boundary=----WebKitFormBoundaryyZgwB76EZxpQ6wgG Host:            localhost:3000 Origin:          http://localhost:3000 Referer:         http://localhost:3000/ User-Agent:      Mozilla/5.0 (Macintosh; Intel Mac OS X 10_9_4) AppleWebKit/537.36 (KHTML, like Gecko) Chrome/36.0.1985.125 Safari/537.36  [] []
[2014-07-30 17:37:57] myapp.INFO: post upload END [] []
[2014-07-30 17:37:57] myapp.DEBUG: < 200 [] []
[2014-07-30 17:37:57] myapp.INFO: monolog START [] []
[2014-07-30 17:37:57] myapp.INFO: Matched route "POST_upload" (parameters: "_controller": "{}", "_route": "POST_upload") [] []
[2014-07-30 17:37:57] myapp.DEBUG: > POST /upload [] []
[2014-07-30 17:37:57] myapp.INFO: post upload OK [] []
[2014-07-30 17:37:57] myapp.INFO: file POST /upload HTTP/1.1 Accept:          */* Accept-Encoding: gzip,deflate,sdch Accept-Language: en-US,en;q=0.8,ar;q=0.6,es;q=0.4,sl;q=0.2,it;q=0.2,zh-TW;q=0.2,zh;q=0.2 Connection:      keep-alive Content-Length:  1956699 Content-Type:    multipart/form-data; boundary=----WebKitFormBoundarycjh5Bz8nZYtAMFMB Host:            localhost:3000 Origin:          http://localhost:3000 Referer:         http://localhost:3000/ User-Agent:      Mozilla/5.0 (Macintosh; Intel Mac OS X 10_9_4) AppleWebKit/537.36 (KHTML, like Gecko) Chrome/36.0.1985.125 Safari/537.36  [] []
[2014-07-30 17:37:57] myapp.INFO: post upload END [] []
[2014-07-30 17:37:57] myapp.DEBUG: < 200 [] []
[2014-07-30 17:42:25] myapp.INFO: Matched route "POST_upload" (parameters: "_controller": "{}", "_route": "POST_upload") [] []
[2014-07-30 17:42:25] myapp.DEBUG: > POST /upload [] []
[2014-07-30 17:42:25] myapp.CRITICAL: LogicException: The controller must return a response (null given). Did you forget to add a return statement somewhere in your controller? (uncaught exception) at /Users/matej/CopyCloudStorage/Copy/Code/PHP/screenshooter_backend_library/vendor/symfony/http-kernel/Symfony/Component/HttpKernel/HttpKernel.php line 163 {"exception":"[object] (LogicException: The controller must return a response (null given). Did you forget to add a return statement somewhere in your controller? at /Users/matej/CopyCloudStorage/Copy/Code/PHP/screenshooter_backend_library/vendor/symfony/http-kernel/Symfony/Component/HttpKernel/HttpKernel.php:163)"} []
[2014-07-30 17:42:25] myapp.DEBUG: < 500 [] []
[2014-07-30 17:42:25] myapp.INFO: Matched route "POST_upload" (parameters: "_controller": "{}", "_route": "POST_upload") [] []
[2014-07-30 17:42:25] myapp.DEBUG: > POST /upload [] []
[2014-07-30 17:42:25] myapp.CRITICAL: LogicException: The controller must return a response (null given). Did you forget to add a return statement somewhere in your controller? (uncaught exception) at /Users/matej/CopyCloudStorage/Copy/Code/PHP/screenshooter_backend_library/vendor/symfony/http-kernel/Symfony/Component/HttpKernel/HttpKernel.php line 163 {"exception":"[object] (LogicException: The controller must return a response (null given). Did you forget to add a return statement somewhere in your controller? at /Users/matej/CopyCloudStorage/Copy/Code/PHP/screenshooter_backend_library/vendor/symfony/http-kernel/Symfony/Component/HttpKernel/HttpKernel.php:163)"} []
[2014-07-30 17:42:25] myapp.DEBUG: < 500 [] []
[2014-07-30 17:43:11] myapp.INFO: Matched route "POST_upload" (parameters: "_controller": "{}", "_route": "POST_upload") [] []
[2014-07-30 17:43:11] myapp.DEBUG: > POST /upload [] []
[2014-07-30 17:43:11] myapp.DEBUG: < 200 [] []
[2014-07-30 17:43:11] myapp.INFO: Matched route "POST_upload" (parameters: "_controller": "{}", "_route": "POST_upload") [] []
[2014-07-30 17:43:11] myapp.DEBUG: > POST /upload [] []
[2014-07-30 17:43:11] myapp.DEBUG: < 200 [] []
[2014-07-30 17:45:46] myapp.INFO: Matched route "POST_upload" (parameters: "_controller": "{}", "_route": "POST_upload") [] []
[2014-07-30 17:45:46] myapp.DEBUG: > POST /upload [] []
[2014-07-30 17:45:46] myapp.DEBUG: < 200 [] []
[2014-07-30 17:45:46] myapp.INFO: Matched route "POST_upload" (parameters: "_controller": "{}", "_route": "POST_upload") [] []
[2014-07-30 17:45:46] myapp.DEBUG: > POST /upload [] []
[2014-07-30 17:45:46] myapp.CRITICAL: Flow\Exception: Failed to open destination file (uncaught exception) at /Users/matej/CopyCloudStorage/Copy/Code/PHP/screenshooter_backend_library/vendor/flowjs/flow-php-server/src/Flow/File.php line 106 {"exception":"[object] (Flow\\Exception: Failed to open destination file at /Users/matej/CopyCloudStorage/Copy/Code/PHP/screenshooter_backend_library/vendor/flowjs/flow-php-server/src/Flow/File.php:106)"} []
[2014-07-30 17:45:46] myapp.DEBUG: < 500 [] []
[2014-07-30 17:49:40] myapp.INFO: Matched route "POST_upload" (parameters: "_controller": "{}", "_route": "POST_upload") [] []
[2014-07-30 17:49:40] myapp.DEBUG: > POST /upload [] []
[2014-07-30 17:49:40] myapp.DEBUG: < 200 [] []
[2014-07-30 17:49:40] myapp.INFO: Matched route "POST_upload" (parameters: "_controller": "{}", "_route": "POST_upload") [] []
[2014-07-30 17:49:40] myapp.DEBUG: > POST /upload [] []
[2014-07-30 17:49:40] myapp.DEBUG: < 200 [] []
[2014-07-30 18:02:37] myapp.INFO: Matched route "POST_sites_site_id_sitemaps_sitemap_id_url_url_id_upload" (parameters: "_controller": "{}", "site_id": "1", "sitemap_id": "1", "url_id": "1", "_route": "POST_sites_site_id_sitemaps_sitemap_id_url_url_id_upload") [] []
[2014-07-30 18:02:37] myapp.DEBUG: > POST /sites/1/sitemaps/1/url/1/upload [] []
[2014-07-30 18:02:37] myapp.INFO: Hurray, file was saved in /Users/matej/CopyCloudStorage/Copy/Code/PHP/screenshooter_backend_library/test/server/../../temp/1406768557516_IMG_2116.jpg [] []
[2014-07-30 18:02:37] myapp.DEBUG: < 200 [] []
[2014-07-30 18:02:37] myapp.INFO: Matched route "POST_sites_site_id_sitemaps_sitemap_id_url_url_id_upload" (parameters: "_controller": "{}", "site_id": "1", "sitemap_id": "1", "url_id": "1", "_route": "POST_sites_site_id_sitemaps_sitemap_id_url_url_id_upload") [] []
[2014-07-30 18:02:37] myapp.DEBUG: > POST /sites/1/sitemaps/1/url/1/upload [] []
[2014-07-30 18:02:37] myapp.DEBUG: < 200 [] []
[2014-07-30 18:10:45] myapp.INFO: Matched route "POST_sites_site_id_sitemaps_sitemap_id_url_url_id_upload" (parameters: "_controller": "{}", "site_id": "1", "sitemap_id": "1", "url_id": "1", "_route": "POST_sites_site_id_sitemaps_sitemap_id_url_url_id_upload") [] []
[2014-07-30 18:10:45] myapp.DEBUG: > POST /sites/1/sitemaps/1/url/1/upload [] []
[2014-07-30 18:10:46] myapp.INFO: Hurray, file was saved in /Users/matej/CopyCloudStorage/Copy/Code/PHP/screenshooter_backend_library/test/server/../../temp/1406769045941_IMG_2116.jpg [] []
[2014-07-30 18:10:46] myapp.INFO: Matched route "POST_sites_site_id_sitemaps_sitemap_id_url_url_id_upload" (parameters: "_controller": "{}", "site_id": "1", "sitemap_id": "1", "url_id": "1", "_route": "POST_sites_site_id_sitemaps_sitemap_id_url_url_id_upload") [] []
[2014-07-30 18:10:46] myapp.DEBUG: > POST /sites/1/sitemaps/1/url/1/upload [] []
[2014-07-30 18:10:46] myapp.CRITICAL: LogicException: The controller must return a response (null given). Did you forget to add a return statement somewhere in your controller? (uncaught exception) at /Users/matej/CopyCloudStorage/Copy/Code/PHP/screenshooter_backend_library/vendor/symfony/http-kernel/Symfony/Component/HttpKernel/HttpKernel.php line 163 {"exception":"[object] (LogicException: The controller must return a response (null given). Did you forget to add a return statement somewhere in your controller? at /Users/matej/CopyCloudStorage/Copy/Code/PHP/screenshooter_backend_library/vendor/symfony/http-kernel/Symfony/Component/HttpKernel/HttpKernel.php:163)"} []
[2014-07-30 18:10:46] myapp.DEBUG: < 500 [] []
[2014-07-30 18:11:06] myapp.INFO: Matched route "POST_sites_site_id_sitemaps_sitemap_id_url_url_id_upload" (parameters: "_controller": "{}", "site_id": "1", "sitemap_id": "1", "url_id": "1", "_route": "POST_sites_site_id_sitemaps_sitemap_id_url_url_id_upload") [] []
[2014-07-30 18:11:06] myapp.DEBUG: > POST /sites/1/sitemaps/1/url/1/upload [] []
[2014-07-30 18:11:06] myapp.INFO: Hurray, file was saved in /Users/matej/CopyCloudStorage/Copy/Code/PHP/screenshooter_backend_library/test/server/../../temp/1406769066670_IMG_2116.jpg [] []
[2014-07-30 18:11:06] myapp.INFO: Matched route "POST_sites_site_id_sitemaps_sitemap_id_url_url_id_upload" (parameters: "_controller": "{}", "site_id": "1", "sitemap_id": "1", "url_id": "1", "_route": "POST_sites_site_id_sitemaps_sitemap_id_url_url_id_upload") [] []
[2014-07-30 18:11:06] myapp.DEBUG: > POST /sites/1/sitemaps/1/url/1/upload [] []
[2014-07-30 18:11:06] myapp.DEBUG: < 200 [] []
[2014-07-30 18:11:49] myapp.INFO: Matched route "POST_sites_site_id_sitemaps_sitemap_id_url_url_id_upload" (parameters: "_controller": "{}", "site_id": "1", "sitemap_id": "1", "url_id": "1", "_route": "POST_sites_site_id_sitemaps_sitemap_id_url_url_id_upload") [] []
[2014-07-30 18:11:49] myapp.DEBUG: > POST /sites/1/sitemaps/1/url/1/upload [] []
[2014-07-30 18:11:49] myapp.INFO: Hurray, file was saved in /Users/matej/CopyCloudStorage/Copy/Code/PHP/screenshooter_backend_library/test/server/../../temp/1406769109399_IMG_2116.jpg [] []
[2014-07-30 18:11:49] myapp.CRITICAL: Guzzle\Common\Exception\InvalidArgumentException: Invalid resource type (uncaught exception) at /Users/matej/CopyCloudStorage/Copy/Code/PHP/screenshooter_backend_library/vendor/guzzle/guzzle/src/Guzzle/Http/EntityBody.php line 50 {"exception":"[object] (Guzzle\\Common\\Exception\\InvalidArgumentException: Invalid resource type at /Users/matej/CopyCloudStorage/Copy/Code/PHP/screenshooter_backend_library/vendor/guzzle/guzzle/src/Guzzle/Http/EntityBody.php:50)"} []
[2014-07-30 18:11:49] myapp.DEBUG: < 500 [] []
[2014-07-30 18:11:49] myapp.INFO: Matched route "POST_sites_site_id_sitemaps_sitemap_id_url_url_id_upload" (parameters: "_controller": "{}", "site_id": "1", "sitemap_id": "1", "url_id": "1", "_route": "POST_sites_site_id_sitemaps_sitemap_id_url_url_id_upload") [] []
[2014-07-30 18:11:49] myapp.DEBUG: > POST /sites/1/sitemaps/1/url/1/upload [] []
[2014-07-30 18:11:49] myapp.DEBUG: < 200 [] []
[2014-07-30 18:13:44] myapp.INFO: Matched route "POST_sites_site_id_sitemaps_sitemap_id_url_url_id_upload" (parameters: "_controller": "{}", "site_id": "1", "sitemap_id": "1", "url_id": "1", "_route": "POST_sites_site_id_sitemaps_sitemap_id_url_url_id_upload") [] []
[2014-07-30 18:13:44] myapp.DEBUG: > POST /sites/1/sitemaps/1/url/1/upload [] []
[2014-07-30 18:13:44] myapp.INFO: Hurray, file was saved in /Users/matej/CopyCloudStorage/Copy/Code/PHP/screenshooter_backend_library/test/server/../../temp/1406769224408_IMG_2116.jpg [] []
[2014-07-30 18:13:44] myapp.CRITICAL: Guzzle\Common\Exception\InvalidArgumentException: Invalid resource type (uncaught exception) at /Users/matej/CopyCloudStorage/Copy/Code/PHP/screenshooter_backend_library/vendor/guzzle/guzzle/src/Guzzle/Http/EntityBody.php line 50 {"exception":"[object] (Guzzle\\Common\\Exception\\InvalidArgumentException: Invalid resource type at /Users/matej/CopyCloudStorage/Copy/Code/PHP/screenshooter_backend_library/vendor/guzzle/guzzle/src/Guzzle/Http/EntityBody.php:50)"} []
[2014-07-30 18:13:44] myapp.DEBUG: < 500 [] []
[2014-07-30 18:13:44] myapp.INFO: Matched route "POST_sites_site_id_sitemaps_sitemap_id_url_url_id_upload" (parameters: "_controller": "{}", "site_id": "1", "sitemap_id": "1", "url_id": "1", "_route": "POST_sites_site_id_sitemaps_sitemap_id_url_url_id_upload") [] []
[2014-07-30 18:13:44] myapp.DEBUG: > POST /sites/1/sitemaps/1/url/1/upload [] []
[2014-07-30 18:13:44] myapp.DEBUG: < 200 [] []
[2014-07-30 18:16:21] myapp.INFO: Matched route "POST_sites_site_id_sitemaps_sitemap_id_url_url_id_upload" (parameters: "_controller": "{}", "site_id": "1", "sitemap_id": "1", "url_id": "1", "_route": "POST_sites_site_id_sitemaps_sitemap_id_url_url_id_upload") [] []
[2014-07-30 18:16:21] myapp.DEBUG: > POST /sites/1/sitemaps/1/url/1/upload [] []
[2014-07-30 18:16:21] myapp.INFO: Hurray, file was saved in /Users/matej/CopyCloudStorage/Copy/Code/PHP/screenshooter_backend_library/test/server/../../temp/1406769381758_IMG_2116.jpg [] []
[2014-07-30 18:16:21] myapp.DEBUG: < 200 [] []
[2014-07-30 18:16:21] myapp.INFO: Matched route "POST_sites_site_id_sitemaps_sitemap_id_url_url_id_upload" (parameters: "_controller": "{}", "site_id": "1", "sitemap_id": "1", "url_id": "1", "_route": "POST_sites_site_id_sitemaps_sitemap_id_url_url_id_upload") [] []
[2014-07-30 18:16:21] myapp.DEBUG: > POST /sites/1/sitemaps/1/url/1/upload [] []
[2014-07-30 18:16:21] myapp.DEBUG: < 200 [] []
[2014-07-30 18:47:28] myapp.INFO: Matched route "POST_sites_site_id_sitemaps_sitemap_id_url_url_id_upload" (parameters: "_controller": "{}", "site_id": "1", "sitemap_id": "1", "url_id": "1", "_route": "POST_sites_site_id_sitemaps_sitemap_id_url_url_id_upload") [] []
[2014-07-30 18:47:28] myapp.DEBUG: > POST /sites/1/sitemaps/1/url/1/upload [] []
[2014-07-30 18:47:28] myapp.INFO: Hurray, file was saved in /Users/matej/CopyCloudStorage/Copy/Code/PHP/screenshooter_backend_library/test/server/../../temp/1406771248200_IMG_2116.jpg [] []
[2014-07-30 18:47:28] myapp.CRITICAL: Illuminate\Database\QueryException: SQLSTATE[23000]: Integrity constraint violation: 19 job_types.url_id may not be NULL (SQL: insert into "job_types" ("user_uuid", "status", "type", "updated_at", "created_at") values (123, processing, image, 2014-07-30 18:47:28, 2014-07-30 18:47:28)) (uncaught exception) at /Users/matej/CopyCloudStorage/Copy/Code/PHP/screenshooter_backend_library/vendor/illuminate/database/Illuminate/Database/Connection.php line 555 {"exception":"[object] (Illuminate\\Database\\QueryException: SQLSTATE[23000]: Integrity constraint violation: 19 job_types.url_id may not be NULL (SQL: insert into \"job_types\" (\"user_uuid\", \"status\", \"type\", \"updated_at\", \"created_at\") values (123, processing, image, 2014-07-30 18:47:28, 2014-07-30 18:47:28)) at /Users/matej/CopyCloudStorage/Copy/Code/PHP/screenshooter_backend_library/vendor/illuminate/database/Illuminate/Database/Connection.php:555)"} []
[2014-07-30 18:47:28] myapp.DEBUG: < 500 [] []
[2014-07-30 18:47:28] myapp.INFO: Matched route "POST_sites_site_id_sitemaps_sitemap_id_url_url_id_upload" (parameters: "_controller": "{}", "site_id": "1", "sitemap_id": "1", "url_id": "1", "_route": "POST_sites_site_id_sitemaps_sitemap_id_url_url_id_upload") [] []
[2014-07-30 18:47:28] myapp.DEBUG: > POST /sites/1/sitemaps/1/url/1/upload [] []
[2014-07-30 18:47:28] myapp.DEBUG: < 200 [] []
[2014-07-30 18:51:18] myapp.INFO: Matched route "POST_sites_site_id_sitemaps_sitemap_id_url_url_id_upload" (parameters: "_controller": "{}", "site_id": "1", "sitemap_id": "1", "url_id": "1", "_route": "POST_sites_site_id_sitemaps_sitemap_id_url_url_id_upload") [] []
[2014-07-30 18:51:18] myapp.DEBUG: > POST /sites/1/sitemaps/1/url/1/upload [] []
[2014-07-30 18:51:18] myapp.INFO: Hurray, file was saved in /Users/matej/CopyCloudStorage/Copy/Code/PHP/screenshooter_backend_library/test/server/../../temp/1406771478087_IMG_2116.jpg [] []
[2014-07-30 18:51:23] myapp.DEBUG: < 200 [] []
[2014-07-30 18:51:24] myapp.INFO: Matched route "POST_sites_site_id_sitemaps_sitemap_id_url_url_id_upload" (parameters: "_controller": "{}", "site_id": "1", "sitemap_id": "1", "url_id": "1", "_route": "POST_sites_site_id_sitemaps_sitemap_id_url_url_id_upload") [] []
[2014-07-30 18:51:24] myapp.DEBUG: > POST /sites/1/sitemaps/1/url/1/upload [] []
[2014-07-30 18:51:24] myapp.DEBUG: < 200 [] []
[2014-07-30 19:02:14] myapp.INFO: Matched route "POST_sites_site_id_sitemaps_sitemap_id_url_url_id_upload" (parameters: "_controller": "{}", "site_id": "1", "sitemap_id": "1", "url_id": "1", "_route": "POST_sites_site_id_sitemaps_sitemap_id_url_url_id_upload") [] []
[2014-07-30 19:02:14] myapp.DEBUG: > POST /sites/1/sitemaps/1/url/1/upload [] []
[2014-07-30 19:02:14] myapp.INFO: Hurray, file was saved in /Users/matej/CopyCloudStorage/Copy/Code/PHP/screenshooter_backend_library/test/server/../../temp/1406772134008_IMG_2116.jpg [] []
[2014-07-30 19:02:19] myapp.DEBUG: < 200 [] []
[2014-07-30 19:02:19] myapp.INFO: Matched route "POST_sites_site_id_sitemaps_sitemap_id_url_url_id_upload" (parameters: "_controller": "{}", "site_id": "1", "sitemap_id": "1", "url_id": "1", "_route": "POST_sites_site_id_sitemaps_sitemap_id_url_url_id_upload") [] []
[2014-07-30 19:02:19] myapp.DEBUG: > POST /sites/1/sitemaps/1/url/1/upload [] []
[2014-07-30 19:02:19] myapp.DEBUG: < 200 [] []
[2014-07-30 19:06:15] myapp.INFO: Matched route "POST_sites_site_id_sitemaps_sitemap_id_url_url_id_upload" (parameters: "_controller": "{}", "site_id": "1", "sitemap_id": "1", "url_id": "1", "_route": "POST_sites_site_id_sitemaps_sitemap_id_url_url_id_upload") [] []
[2014-07-30 19:06:15] myapp.DEBUG: > POST /sites/1/sitemaps/1/url/1/upload [] []
[2014-07-30 19:06:15] myapp.DEBUG: < 200 [] []
[2014-07-30 19:06:15] myapp.INFO: Matched route "POST_sites_site_id_sitemaps_sitemap_id_url_url_id_upload" (parameters: "_controller": "{}", "site_id": "1", "sitemap_id": "1", "url_id": "1", "_route": "POST_sites_site_id_sitemaps_sitemap_id_url_url_id_upload") [] []
[2014-07-30 19:06:15] myapp.DEBUG: > POST /sites/1/sitemaps/1/url/1/upload [] []
[2014-07-30 19:06:15] myapp.DEBUG: < 200 [] []
[2014-07-30 19:06:15] myapp.INFO: Matched route "POST_sites_site_id_sitemaps_sitemap_id_url_url_id_upload" (parameters: "_controller": "{}", "site_id": "1", "sitemap_id": "1", "url_id": "1", "_route": "POST_sites_site_id_sitemaps_sitemap_id_url_url_id_upload") [] []
[2014-07-30 19:06:15] myapp.DEBUG: > POST /sites/1/sitemaps/1/url/1/upload [] []
[2014-07-30 19:06:15] myapp.INFO: Hurray, file was saved in /Users/matej/CopyCloudStorage/Copy/Code/PHP/screenshooter_backend_library/test/server/../../temp/1406772375298_IMG_2069.jpg [] []
[2014-07-30 19:06:21] myapp.DEBUG: < 200 [] []
[2014-07-30 19:12:39] myapp.INFO: Matched route "POST_sites_site_id_sitemaps_sitemap_id_url_url_id_upload" (parameters: "_controller": "{}", "site_id": "1", "sitemap_id": "1", "url_id": "1", "_route": "POST_sites_site_id_sitemaps_sitemap_id_url_url_id_upload") [] []
[2014-07-30 19:12:39] myapp.DEBUG: > POST /sites/1/sitemaps/1/url/1/upload [] []
[2014-07-30 19:12:39] myapp.DEBUG: < 200 [] []
[2014-07-30 19:12:39] myapp.INFO: Matched route "POST_sites_site_id_sitemaps_sitemap_id_url_url_id_upload" (parameters: "_controller": "{}", "site_id": "1", "sitemap_id": "1", "url_id": "1", "_route": "POST_sites_site_id_sitemaps_sitemap_id_url_url_id_upload") [] []
[2014-07-30 19:12:39] myapp.DEBUG: > POST /sites/1/sitemaps/1/url/1/upload [] []
[2014-07-30 19:12:39] myapp.INFO: Hurray, file was saved in /Users/matej/CopyCloudStorage/Copy/Code/PHP/screenshooter_backend_library/test/server/../../temp/1406772759949_IMG_2057.jpg [] []
[2014-07-30 19:12:46] myapp.DEBUG: < 200 [] []
[2014-07-30 19:24:20] myapp.INFO: Matched route "GET_init" (parameters: "_controller": "{}", "_route": "GET_init") [] []
[2014-07-30 19:24:20] myapp.DEBUG: > GET /init [] []
[2014-07-30 19:24:20] myapp.CRITICAL: Illuminate\Database\QueryException: SQLSTATE[23000]: Integrity constraint violation: 19 sitemaps.name may not be NULL (SQL: insert into "sitemaps" ("site_id", "updated_at", "created_at") values (1, 2014-07-30 19:24:20, 2014-07-30 19:24:20)) (uncaught exception) at /Users/matej/CopyCloudStorage/Copy/Code/PHP/screenshooter_backend_library/vendor/illuminate/database/Illuminate/Database/Connection.php line 555 {"exception":"[object] (Illuminate\\Database\\QueryException: SQLSTATE[23000]: Integrity constraint violation: 19 sitemaps.name may not be NULL (SQL: insert into \"sitemaps\" (\"site_id\", \"updated_at\", \"created_at\") values (1, 2014-07-30 19:24:20, 2014-07-30 19:24:20)) at /Users/matej/CopyCloudStorage/Copy/Code/PHP/screenshooter_backend_library/vendor/illuminate/database/Illuminate/Database/Connection.php:555)"} []
[2014-07-30 19:24:21] myapp.DEBUG: < 500 [] []
[2014-07-30 19:25:24] myapp.INFO: Matched route "GET_init" (parameters: "_controller": "{}", "_route": "GET_init") [] []
[2014-07-30 19:25:24] myapp.DEBUG: > GET /init [] []
[2014-07-30 19:25:24] myapp.DEBUG: < 200 [] []
[2014-07-30 19:34:32] myapp.INFO: Matched route "GET_pdf" (parameters: "_controller": "{}", "_route": "GET_pdf") [] []
[2014-07-30 19:34:32] myapp.DEBUG: > GET /pdf [] []
[2014-07-30 19:34:32] myapp.CRITICAL: Illuminate\Database\QueryException: SQLSTATE[HY000]: General error: 1 no such table: pdfs (SQL: insert into "pdfs" ("user_uuid", "sitemap_id", "updated_at", "created_at") values (, 1, 2014-07-30 19:34:32, 2014-07-30 19:34:32)) (uncaught exception) at /Users/matej/CopyCloudStorage/Copy/Code/PHP/screenshooter_backend_library/vendor/illuminate/database/Illuminate/Database/Connection.php line 555 {"exception":"[object] (Illuminate\\Database\\QueryException: SQLSTATE[HY000]: General error: 1 no such table: pdfs (SQL: insert into \"pdfs\" (\"user_uuid\", \"sitemap_id\", \"updated_at\", \"created_at\") values (, 1, 2014-07-30 19:34:32, 2014-07-30 19:34:32)) at /Users/matej/CopyCloudStorage/Copy/Code/PHP/screenshooter_backend_library/vendor/illuminate/database/Illuminate/Database/Connection.php:555)"} []
[2014-07-30 19:34:32] myapp.DEBUG: < 500 [] []
